<?xml version="1.0" encoding="UTF-8"?>
<testsuite xmlns:xsi="http://www.w3.org/2001/XMLSchema-instance" xsi:noNamespaceSchemaLocation="https://maven.apache.org/surefire/maven-surefire-plugin/xsd/surefire-test-report.xsd" name="TestSuite" time="180.847" tests="1" errors="0" skipped="0" failures="0">
  <properties>
    <property name="LT_ACCESS_KEY" value="y1BYjotgPNHSRbRXuh1wndsTPgYFvSWokaWQxINfrErF6P7ijE"/>
    <property name="java.specification.version" value="15"/>
    <property name="sun.jnu.encoding" value="UTF-8"/>
    <property name="java.class.path" value="/Users/lambdatest/Documents/Java-TestNG-Hypertest-Framework/target/test-classes:/Users/lambdatest/Documents/Java-TestNG-Hypertest-Framework/target/classes:/Users/lambdatest/.m2/repository/org/seleniumhq/selenium/selenium-java/4.0.0-beta-3/selenium-java-4.0.0-beta-3.jar:/Users/lambdatest/.m2/repository/org/seleniumhq/selenium/selenium-api/4.0.0-beta-3/selenium-api-4.0.0-beta-3.jar:/Users/lambdatest/.m2/repository/org/seleniumhq/selenium/selenium-chrome-driver/4.0.0-beta-3/selenium-chrome-driver-4.0.0-beta-3.jar:/Users/lambdatest/.m2/repository/com/google/auto/service/auto-service-annotations/1.0-rc7/auto-service-annotations-1.0-rc7.jar:/Users/lambdatest/.m2/repository/com/google/auto/service/auto-service/1.0-rc7/auto-service-1.0-rc7.jar:/Users/lambdatest/.m2/repository/com/google/auto/auto-common/0.10/auto-common-0.10.jar:/Users/lambdatest/.m2/repository/com/google/guava/guava/30.1-jre/guava-30.1-jre.jar:/Users/lambdatest/.m2/repository/com/google/guava/failureaccess/1.0.1/failureaccess-1.0.1.jar:/Users/lambdatest/.m2/repository/com/google/guava/listenablefuture/9999.0-empty-to-avoid-conflict-with-guava/listenablefuture-9999.0-empty-to-avoid-conflict-with-guava.jar:/Users/lambdatest/.m2/repository/com/google/code/findbugs/jsr305/3.0.2/jsr305-3.0.2.jar:/Users/lambdatest/.m2/repository/org/checkerframework/checker-qual/3.5.0/checker-qual-3.5.0.jar:/Users/lambdatest/.m2/repository/com/google/errorprone/error_prone_annotations/2.3.4/error_prone_annotations-2.3.4.jar:/Users/lambdatest/.m2/repository/com/google/j2objc/j2objc-annotations/1.3/j2objc-annotations-1.3.jar:/Users/lambdatest/.m2/repository/org/seleniumhq/selenium/selenium-chromium-driver/4.0.0-beta-3/selenium-chromium-driver-4.0.0-beta-3.jar:/Users/lambdatest/.m2/repository/org/seleniumhq/selenium/selenium-devtools/4.0.0-beta-3/selenium-devtools-4.0.0-beta-3.jar:/Users/lambdatest/.m2/repository/org/seleniumhq/selenium/selenium-http/4.0.0-beta-3/selenium-http-4.0.0-beta-3.jar:/Users/lambdatest/.m2/repository/org/seleniumhq/selenium/selenium-json/4.0.0-beta-3/selenium-json-4.0.0-beta-3.jar:/Users/lambdatest/.m2/repository/org/seleniumhq/selenium/selenium-devtools-v85/4.0.0-beta-3/selenium-devtools-v85-4.0.0-beta-3.jar:/Users/lambdatest/.m2/repository/org/seleniumhq/selenium/selenium-devtools-v88/4.0.0-beta-3/selenium-devtools-v88-4.0.0-beta-3.jar:/Users/lambdatest/.m2/repository/org/seleniumhq/selenium/selenium-devtools-v89/4.0.0-beta-3/selenium-devtools-v89-4.0.0-beta-3.jar:/Users/lambdatest/.m2/repository/org/seleniumhq/selenium/selenium-devtools-v90/4.0.0-beta-3/selenium-devtools-v90-4.0.0-beta-3.jar:/Users/lambdatest/.m2/repository/org/seleniumhq/selenium/selenium-devtools-v91/4.0.0-beta-3/selenium-devtools-v91-4.0.0-beta-3.jar:/Users/lambdatest/.m2/repository/org/seleniumhq/selenium/selenium-edge-driver/4.0.0-beta-3/selenium-edge-driver-4.0.0-beta-3.jar:/Users/lambdatest/.m2/repository/org/seleniumhq/selenium/selenium-firefox-driver/4.0.0-beta-3/selenium-firefox-driver-4.0.0-beta-3.jar:/Users/lambdatest/.m2/repository/org/seleniumhq/selenium/selenium-firefox-xpi-driver/4.0.0-beta-3/selenium-firefox-xpi-driver-4.0.0-beta-3.jar:/Users/lambdatest/.m2/repository/org/seleniumhq/selenium/selenium-ie-driver/4.0.0-beta-3/selenium-ie-driver-4.0.0-beta-3.jar:/Users/lambdatest/.m2/repository/org/seleniumhq/selenium/selenium-opera-driver/4.0.0-beta-3/selenium-opera-driver-4.0.0-beta-3.jar:/Users/lambdatest/.m2/repository/org/seleniumhq/selenium/selenium-remote-driver/4.0.0-beta-3/selenium-remote-driver-4.0.0-beta-3.jar:/Users/lambdatest/.m2/repository/io/netty/netty-buffer/4.1.58.Final/netty-buffer-4.1.58.Final.jar:/Users/lambdatest/.m2/repository/io/netty/netty-codec-http/4.1.58.Final/netty-codec-http-4.1.58.Final.jar:/Users/lambdatest/.m2/repository/io/netty/netty-codec/4.1.58.Final/netty-codec-4.1.58.Final.jar:/Users/lambdatest/.m2/repository/io/netty/netty-handler/4.1.58.Final/netty-handler-4.1.58.Final.jar:/Users/lambdatest/.m2/repository/io/netty/netty-common/4.1.58.Final/netty-common-4.1.58.Final.jar:/Users/lambdatest/.m2/repository/io/netty/netty-transport-native-epoll/4.1.58.Final/netty-transport-native-epoll-4.1.58.Final.jar:/Users/lambdatest/.m2/repository/io/netty/netty-transport-native-kqueue/4.1.58.Final/netty-transport-native-kqueue-4.1.58.Final.jar:/Users/lambdatest/.m2/repository/io/netty/netty-transport-native-unix-common/4.1.58.Final/netty-transport-native-unix-common-4.1.58.Final.jar:/Users/lambdatest/.m2/repository/io/netty/netty-transport/4.1.58.Final/netty-transport-4.1.58.Final.jar:/Users/lambdatest/.m2/repository/io/netty/netty-resolver/4.1.58.Final/netty-resolver-4.1.58.Final.jar:/Users/lambdatest/.m2/repository/io/opentelemetry/opentelemetry-api/1.0.0/opentelemetry-api-1.0.0.jar:/Users/lambdatest/.m2/repository/io/opentelemetry/opentelemetry-context/1.0.0/opentelemetry-context-1.0.0.jar:/Users/lambdatest/.m2/repository/io/opentelemetry/opentelemetry-exporter-logging/1.0.0/opentelemetry-exporter-logging-1.0.0.jar:/Users/lambdatest/.m2/repository/io/opentelemetry/opentelemetry-sdk-metrics/1.0.0-alpha/opentelemetry-sdk-metrics-1.0.0-alpha.jar:/Users/lambdatest/.m2/repository/io/opentelemetry/opentelemetry-sdk-common/1.0.0/opentelemetry-sdk-common-1.0.0.jar:/Users/lambdatest/.m2/repository/io/opentelemetry/opentelemetry-sdk-extension-autoconfigure/1.0.0-alpha/opentelemetry-sdk-extension-autoconfigure-1.0.0-alpha.jar:/Users/lambdatest/.m2/repository/io/opentelemetry/opentelemetry-sdk-trace/1.0.0/opentelemetry-sdk-trace-1.0.0.jar:/Users/lambdatest/.m2/repository/io/opentelemetry/opentelemetry-api-metrics/1.0.0-alpha/opentelemetry-api-metrics-1.0.0-alpha.jar:/Users/lambdatest/.m2/repository/io/opentelemetry/opentelemetry-sdk/1.0.0/opentelemetry-sdk-1.0.0.jar:/Users/lambdatest/.m2/repository/io/opentelemetry/opentelemetry-semconv/1.0.0-alpha/opentelemetry-semconv-1.0.0-alpha.jar:/Users/lambdatest/.m2/repository/net/bytebuddy/byte-buddy/1.10.19/byte-buddy-1.10.19.jar:/Users/lambdatest/.m2/repository/org/apache/commons/commons-exec/1.3/commons-exec-1.3.jar:/Users/lambdatest/.m2/repository/org/asynchttpclient/async-http-client/2.12.2/async-http-client-2.12.2.jar:/Users/lambdatest/.m2/repository/org/asynchttpclient/async-http-client-netty-utils/2.12.2/async-http-client-netty-utils-2.12.2.jar:/Users/lambdatest/.m2/repository/io/netty/netty-codec-socks/4.1.53.Final/netty-codec-socks-4.1.53.Final.jar:/Users/lambdatest/.m2/repository/io/netty/netty-handler-proxy/4.1.53.Final/netty-handler-proxy-4.1.53.Final.jar:/Users/lambdatest/.m2/repository/io/netty/netty-transport-native-epoll/4.1.53.Final/netty-transport-native-epoll-4.1.53.Final-linux-x86_64.jar:/Users/lambdatest/.m2/repository/io/netty/netty-transport-native-kqueue/4.1.53.Final/netty-transport-native-kqueue-4.1.53.Final-osx-x86_64.jar:/Users/lambdatest/.m2/repository/org/reactivestreams/reactive-streams/1.0.3/reactive-streams-1.0.3.jar:/Users/lambdatest/.m2/repository/com/typesafe/netty/netty-reactive-streams/2.0.4/netty-reactive-streams-2.0.4.jar:/Users/lambdatest/.m2/repository/org/slf4j/slf4j-api/1.7.30/slf4j-api-1.7.30.jar:/Users/lambdatest/.m2/repository/com/sun/activation/jakarta.activation/1.2.2/jakarta.activation-1.2.2.jar:/Users/lambdatest/.m2/repository/org/seleniumhq/selenium/selenium-safari-driver/4.0.0-beta-3/selenium-safari-driver-4.0.0-beta-3.jar:/Users/lambdatest/.m2/repository/org/apache/commons/commons-lang3/3.0/commons-lang3-3.0.jar:/Users/lambdatest/.m2/repository/commons-io/commons-io/2.6/commons-io-2.6.jar:/Users/lambdatest/.m2/repository/org/seleniumhq/selenium/selenium-support/2.52.0/selenium-support-2.52.0.jar:/Users/lambdatest/.m2/repository/io/appium/java-client/6.1.0/java-client-6.1.0.jar:/Users/lambdatest/.m2/repository/com/google/code/gson/gson/2.8.4/gson-2.8.4.jar:/Users/lambdatest/.m2/repository/org/apache/httpcomponents/httpclient/4.5.5/httpclient-4.5.5.jar:/Users/lambdatest/.m2/repository/org/apache/httpcomponents/httpcore/4.4.9/httpcore-4.4.9.jar:/Users/lambdatest/.m2/repository/commons-logging/commons-logging/1.2/commons-logging-1.2.jar:/Users/lambdatest/.m2/repository/commons-codec/commons-codec/1.10/commons-codec-1.10.jar:/Users/lambdatest/.m2/repository/cglib/cglib/3.2.6/cglib-3.2.6.jar:/Users/lambdatest/.m2/repository/org/ow2/asm/asm/6.0/asm-6.0.jar:/Users/lambdatest/.m2/repository/org/apache/ant/ant/1.9.6/ant-1.9.6.jar:/Users/lambdatest/.m2/repository/org/apache/ant/ant-launcher/1.9.6/ant-launcher-1.9.6.jar:/Users/lambdatest/.m2/repository/commons-validator/commons-validator/1.6/commons-validator-1.6.jar:/Users/lambdatest/.m2/repository/commons-beanutils/commons-beanutils/1.9.2/commons-beanutils-1.9.2.jar:/Users/lambdatest/.m2/repository/commons-digester/commons-digester/1.8.1/commons-digester-1.8.1.jar:/Users/lambdatest/.m2/repository/commons-collections/commons-collections/3.2.2/commons-collections-3.2.2.jar:/Users/lambdatest/.m2/repository/org/springframework/spring-context/5.0.5.RELEASE/spring-context-5.0.5.RELEASE.jar:/Users/lambdatest/.m2/repository/org/springframework/spring-aop/5.0.5.RELEASE/spring-aop-5.0.5.RELEASE.jar:/Users/lambdatest/.m2/repository/org/springframework/spring-beans/5.0.5.RELEASE/spring-beans-5.0.5.RELEASE.jar:/Users/lambdatest/.m2/repository/org/springframework/spring-core/5.0.5.RELEASE/spring-core-5.0.5.RELEASE.jar:/Users/lambdatest/.m2/repository/org/springframework/spring-jcl/5.0.5.RELEASE/spring-jcl-5.0.5.RELEASE.jar:/Users/lambdatest/.m2/repository/org/springframework/spring-expression/5.0.5.RELEASE/spring-expression-5.0.5.RELEASE.jar:/Users/lambdatest/.m2/repository/org/aspectj/aspectjweaver/1.9.1/aspectjweaver-1.9.1.jar:/Users/lambdatest/.m2/repository/org/openpnp/opencv/3.2.0-1/opencv-3.2.0-1.jar:/Users/lambdatest/.m2/repository/org/testng/testng/6.14.3/testng-6.14.3.jar:/Users/lambdatest/.m2/repository/com/beust/jcommander/1.72/jcommander-1.72.jar:/Users/lambdatest/.m2/repository/org/apache-extras/beanshell/bsh/2.0b6/bsh-2.0b6.jar:/Users/lambdatest/.m2/repository/commons-lang/commons-lang/2.6/commons-lang-2.6.jar:/Users/lambdatest/.m2/repository/info/cukes/cucumber-java/1.2.5/cucumber-java-1.2.5.jar:/Users/lambdatest/.m2/repository/info/cukes/cucumber-core/1.2.5/cucumber-core-1.2.5.jar:/Users/lambdatest/.m2/repository/info/cukes/cucumber-html/0.2.3/cucumber-html-0.2.3.jar:/Users/lambdatest/.m2/repository/info/cukes/cucumber-jvm-deps/1.0.5/cucumber-jvm-deps-1.0.5.jar:/Users/lambdatest/.m2/repository/info/cukes/gherkin/2.12.2/gherkin-2.12.2.jar:/Users/lambdatest/.m2/repository/junit/junit/4.12/junit-4.12.jar:/Users/lambdatest/.m2/repository/org/hamcrest/hamcrest-core/1.3/hamcrest-core-1.3.jar:"/>
    <property name="java.vm.vendor" value="Oracle Corporation"/>
    <property name="sun.arch.data.model" value="64"/>
    <property name="java.vendor.url" value="https://openjdk.java.net/"/>
    <property name="os.name" value="Mac OS X"/>
    <property name="java.vm.specification.version" value="15"/>
    <property name="sun.java.launcher" value="SUN_STANDARD"/>
    <property name="user.country" value="IN"/>
    <property name="LT_USERNAME" value="mayurp"/>
    <property name="sun.boot.library.path" value="/usr/local/Cellar/openjdk/15.0.1/libexec/openjdk.jdk/Contents/Home/lib"/>
    <property name="sun.java.command" value="/Users/lambdatest/Documents/Java-TestNG-Hypertest-Framework/target/surefire/surefirebooter4117705549587074492.jar /Users/lambdatest/Documents/Java-TestNG-Hypertest-Framework/target/surefire 2021-11-16T14-57-23_109-jvmRun1 surefire17751635846467163823tmp surefire_010677797484984973833tmp"/>
    <property name="http.nonProxyHosts" value="local|*.local|169.254/16|*.169.254/16"/>
    <property name="jdk.debug" value="release"/>
    <property name="surefire.test.class.path" value="/Users/lambdatest/Documents/Java-TestNG-Hypertest-Framework/target/test-classes:/Users/lambdatest/Documents/Java-TestNG-Hypertest-Framework/target/classes:/Users/lambdatest/.m2/repository/org/seleniumhq/selenium/selenium-java/4.0.0-beta-3/selenium-java-4.0.0-beta-3.jar:/Users/lambdatest/.m2/repository/org/seleniumhq/selenium/selenium-api/4.0.0-beta-3/selenium-api-4.0.0-beta-3.jar:/Users/lambdatest/.m2/repository/org/seleniumhq/selenium/selenium-chrome-driver/4.0.0-beta-3/selenium-chrome-driver-4.0.0-beta-3.jar:/Users/lambdatest/.m2/repository/com/google/auto/service/auto-service-annotations/1.0-rc7/auto-service-annotations-1.0-rc7.jar:/Users/lambdatest/.m2/repository/com/google/auto/service/auto-service/1.0-rc7/auto-service-1.0-rc7.jar:/Users/lambdatest/.m2/repository/com/google/auto/auto-common/0.10/auto-common-0.10.jar:/Users/lambdatest/.m2/repository/com/google/guava/guava/30.1-jre/guava-30.1-jre.jar:/Users/lambdatest/.m2/repository/com/google/guava/failureaccess/1.0.1/failureaccess-1.0.1.jar:/Users/lambdatest/.m2/repository/com/google/guava/listenablefuture/9999.0-empty-to-avoid-conflict-with-guava/listenablefuture-9999.0-empty-to-avoid-conflict-with-guava.jar:/Users/lambdatest/.m2/repository/com/google/code/findbugs/jsr305/3.0.2/jsr305-3.0.2.jar:/Users/lambdatest/.m2/repository/org/checkerframework/checker-qual/3.5.0/checker-qual-3.5.0.jar:/Users/lambdatest/.m2/repository/com/google/errorprone/error_prone_annotations/2.3.4/error_prone_annotations-2.3.4.jar:/Users/lambdatest/.m2/repository/com/google/j2objc/j2objc-annotations/1.3/j2objc-annotations-1.3.jar:/Users/lambdatest/.m2/repository/org/seleniumhq/selenium/selenium-chromium-driver/4.0.0-beta-3/selenium-chromium-driver-4.0.0-beta-3.jar:/Users/lambdatest/.m2/repository/org/seleniumhq/selenium/selenium-devtools/4.0.0-beta-3/selenium-devtools-4.0.0-beta-3.jar:/Users/lambdatest/.m2/repository/org/seleniumhq/selenium/selenium-http/4.0.0-beta-3/selenium-http-4.0.0-beta-3.jar:/Users/lambdatest/.m2/repository/org/seleniumhq/selenium/selenium-json/4.0.0-beta-3/selenium-json-4.0.0-beta-3.jar:/Users/lambdatest/.m2/repository/org/seleniumhq/selenium/selenium-devtools-v85/4.0.0-beta-3/selenium-devtools-v85-4.0.0-beta-3.jar:/Users/lambdatest/.m2/repository/org/seleniumhq/selenium/selenium-devtools-v88/4.0.0-beta-3/selenium-devtools-v88-4.0.0-beta-3.jar:/Users/lambdatest/.m2/repository/org/seleniumhq/selenium/selenium-devtools-v89/4.0.0-beta-3/selenium-devtools-v89-4.0.0-beta-3.jar:/Users/lambdatest/.m2/repository/org/seleniumhq/selenium/selenium-devtools-v90/4.0.0-beta-3/selenium-devtools-v90-4.0.0-beta-3.jar:/Users/lambdatest/.m2/repository/org/seleniumhq/selenium/selenium-devtools-v91/4.0.0-beta-3/selenium-devtools-v91-4.0.0-beta-3.jar:/Users/lambdatest/.m2/repository/org/seleniumhq/selenium/selenium-edge-driver/4.0.0-beta-3/selenium-edge-driver-4.0.0-beta-3.jar:/Users/lambdatest/.m2/repository/org/seleniumhq/selenium/selenium-firefox-driver/4.0.0-beta-3/selenium-firefox-driver-4.0.0-beta-3.jar:/Users/lambdatest/.m2/repository/org/seleniumhq/selenium/selenium-firefox-xpi-driver/4.0.0-beta-3/selenium-firefox-xpi-driver-4.0.0-beta-3.jar:/Users/lambdatest/.m2/repository/org/seleniumhq/selenium/selenium-ie-driver/4.0.0-beta-3/selenium-ie-driver-4.0.0-beta-3.jar:/Users/lambdatest/.m2/repository/org/seleniumhq/selenium/selenium-opera-driver/4.0.0-beta-3/selenium-opera-driver-4.0.0-beta-3.jar:/Users/lambdatest/.m2/repository/org/seleniumhq/selenium/selenium-remote-driver/4.0.0-beta-3/selenium-remote-driver-4.0.0-beta-3.jar:/Users/lambdatest/.m2/repository/io/netty/netty-buffer/4.1.58.Final/netty-buffer-4.1.58.Final.jar:/Users/lambdatest/.m2/repository/io/netty/netty-codec-http/4.1.58.Final/netty-codec-http-4.1.58.Final.jar:/Users/lambdatest/.m2/repository/io/netty/netty-codec/4.1.58.Final/netty-codec-4.1.58.Final.jar:/Users/lambdatest/.m2/repository/io/netty/netty-handler/4.1.58.Final/netty-handler-4.1.58.Final.jar:/Users/lambdatest/.m2/repository/io/netty/netty-common/4.1.58.Final/netty-common-4.1.58.Final.jar:/Users/lambdatest/.m2/repository/io/netty/netty-transport-native-epoll/4.1.58.Final/netty-transport-native-epoll-4.1.58.Final.jar:/Users/lambdatest/.m2/repository/io/netty/netty-transport-native-kqueue/4.1.58.Final/netty-transport-native-kqueue-4.1.58.Final.jar:/Users/lambdatest/.m2/repository/io/netty/netty-transport-native-unix-common/4.1.58.Final/netty-transport-native-unix-common-4.1.58.Final.jar:/Users/lambdatest/.m2/repository/io/netty/netty-transport/4.1.58.Final/netty-transport-4.1.58.Final.jar:/Users/lambdatest/.m2/repository/io/netty/netty-resolver/4.1.58.Final/netty-resolver-4.1.58.Final.jar:/Users/lambdatest/.m2/repository/io/opentelemetry/opentelemetry-api/1.0.0/opentelemetry-api-1.0.0.jar:/Users/lambdatest/.m2/repository/io/opentelemetry/opentelemetry-context/1.0.0/opentelemetry-context-1.0.0.jar:/Users/lambdatest/.m2/repository/io/opentelemetry/opentelemetry-exporter-logging/1.0.0/opentelemetry-exporter-logging-1.0.0.jar:/Users/lambdatest/.m2/repository/io/opentelemetry/opentelemetry-sdk-metrics/1.0.0-alpha/opentelemetry-sdk-metrics-1.0.0-alpha.jar:/Users/lambdatest/.m2/repository/io/opentelemetry/opentelemetry-sdk-common/1.0.0/opentelemetry-sdk-common-1.0.0.jar:/Users/lambdatest/.m2/repository/io/opentelemetry/opentelemetry-sdk-extension-autoconfigure/1.0.0-alpha/opentelemetry-sdk-extension-autoconfigure-1.0.0-alpha.jar:/Users/lambdatest/.m2/repository/io/opentelemetry/opentelemetry-sdk-trace/1.0.0/opentelemetry-sdk-trace-1.0.0.jar:/Users/lambdatest/.m2/repository/io/opentelemetry/opentelemetry-api-metrics/1.0.0-alpha/opentelemetry-api-metrics-1.0.0-alpha.jar:/Users/lambdatest/.m2/repository/io/opentelemetry/opentelemetry-sdk/1.0.0/opentelemetry-sdk-1.0.0.jar:/Users/lambdatest/.m2/repository/io/opentelemetry/opentelemetry-semconv/1.0.0-alpha/opentelemetry-semconv-1.0.0-alpha.jar:/Users/lambdatest/.m2/repository/net/bytebuddy/byte-buddy/1.10.19/byte-buddy-1.10.19.jar:/Users/lambdatest/.m2/repository/org/apache/commons/commons-exec/1.3/commons-exec-1.3.jar:/Users/lambdatest/.m2/repository/org/asynchttpclient/async-http-client/2.12.2/async-http-client-2.12.2.jar:/Users/lambdatest/.m2/repository/org/asynchttpclient/async-http-client-netty-utils/2.12.2/async-http-client-netty-utils-2.12.2.jar:/Users/lambdatest/.m2/repository/io/netty/netty-codec-socks/4.1.53.Final/netty-codec-socks-4.1.53.Final.jar:/Users/lambdatest/.m2/repository/io/netty/netty-handler-proxy/4.1.53.Final/netty-handler-proxy-4.1.53.Final.jar:/Users/lambdatest/.m2/repository/io/netty/netty-transport-native-epoll/4.1.53.Final/netty-transport-native-epoll-4.1.53.Final-linux-x86_64.jar:/Users/lambdatest/.m2/repository/io/netty/netty-transport-native-kqueue/4.1.53.Final/netty-transport-native-kqueue-4.1.53.Final-osx-x86_64.jar:/Users/lambdatest/.m2/repository/org/reactivestreams/reactive-streams/1.0.3/reactive-streams-1.0.3.jar:/Users/lambdatest/.m2/repository/com/typesafe/netty/netty-reactive-streams/2.0.4/netty-reactive-streams-2.0.4.jar:/Users/lambdatest/.m2/repository/org/slf4j/slf4j-api/1.7.30/slf4j-api-1.7.30.jar:/Users/lambdatest/.m2/repository/com/sun/activation/jakarta.activation/1.2.2/jakarta.activation-1.2.2.jar:/Users/lambdatest/.m2/repository/org/seleniumhq/selenium/selenium-safari-driver/4.0.0-beta-3/selenium-safari-driver-4.0.0-beta-3.jar:/Users/lambdatest/.m2/repository/org/apache/commons/commons-lang3/3.0/commons-lang3-3.0.jar:/Users/lambdatest/.m2/repository/commons-io/commons-io/2.6/commons-io-2.6.jar:/Users/lambdatest/.m2/repository/org/seleniumhq/selenium/selenium-support/2.52.0/selenium-support-2.52.0.jar:/Users/lambdatest/.m2/repository/io/appium/java-client/6.1.0/java-client-6.1.0.jar:/Users/lambdatest/.m2/repository/com/google/code/gson/gson/2.8.4/gson-2.8.4.jar:/Users/lambdatest/.m2/repository/org/apache/httpcomponents/httpclient/4.5.5/httpclient-4.5.5.jar:/Users/lambdatest/.m2/repository/org/apache/httpcomponents/httpcore/4.4.9/httpcore-4.4.9.jar:/Users/lambdatest/.m2/repository/commons-logging/commons-logging/1.2/commons-logging-1.2.jar:/Users/lambdatest/.m2/repository/commons-codec/commons-codec/1.10/commons-codec-1.10.jar:/Users/lambdatest/.m2/repository/cglib/cglib/3.2.6/cglib-3.2.6.jar:/Users/lambdatest/.m2/repository/org/ow2/asm/asm/6.0/asm-6.0.jar:/Users/lambdatest/.m2/repository/org/apache/ant/ant/1.9.6/ant-1.9.6.jar:/Users/lambdatest/.m2/repository/org/apache/ant/ant-launcher/1.9.6/ant-launcher-1.9.6.jar:/Users/lambdatest/.m2/repository/commons-validator/commons-validator/1.6/commons-validator-1.6.jar:/Users/lambdatest/.m2/repository/commons-beanutils/commons-beanutils/1.9.2/commons-beanutils-1.9.2.jar:/Users/lambdatest/.m2/repository/commons-digester/commons-digester/1.8.1/commons-digester-1.8.1.jar:/Users/lambdatest/.m2/repository/commons-collections/commons-collections/3.2.2/commons-collections-3.2.2.jar:/Users/lambdatest/.m2/repository/org/springframework/spring-context/5.0.5.RELEASE/spring-context-5.0.5.RELEASE.jar:/Users/lambdatest/.m2/repository/org/springframework/spring-aop/5.0.5.RELEASE/spring-aop-5.0.5.RELEASE.jar:/Users/lambdatest/.m2/repository/org/springframework/spring-beans/5.0.5.RELEASE/spring-beans-5.0.5.RELEASE.jar:/Users/lambdatest/.m2/repository/org/springframework/spring-core/5.0.5.RELEASE/spring-core-5.0.5.RELEASE.jar:/Users/lambdatest/.m2/repository/org/springframework/spring-jcl/5.0.5.RELEASE/spring-jcl-5.0.5.RELEASE.jar:/Users/lambdatest/.m2/repository/org/springframework/spring-expression/5.0.5.RELEASE/spring-expression-5.0.5.RELEASE.jar:/Users/lambdatest/.m2/repository/org/aspectj/aspectjweaver/1.9.1/aspectjweaver-1.9.1.jar:/Users/lambdatest/.m2/repository/org/openpnp/opencv/3.2.0-1/opencv-3.2.0-1.jar:/Users/lambdatest/.m2/repository/org/testng/testng/6.14.3/testng-6.14.3.jar:/Users/lambdatest/.m2/repository/com/beust/jcommander/1.72/jcommander-1.72.jar:/Users/lambdatest/.m2/repository/org/apache-extras/beanshell/bsh/2.0b6/bsh-2.0b6.jar:/Users/lambdatest/.m2/repository/commons-lang/commons-lang/2.6/commons-lang-2.6.jar:/Users/lambdatest/.m2/repository/info/cukes/cucumber-java/1.2.5/cucumber-java-1.2.5.jar:/Users/lambdatest/.m2/repository/info/cukes/cucumber-core/1.2.5/cucumber-core-1.2.5.jar:/Users/lambdatest/.m2/repository/info/cukes/cucumber-html/0.2.3/cucumber-html-0.2.3.jar:/Users/lambdatest/.m2/repository/info/cukes/cucumber-jvm-deps/1.0.5/cucumber-jvm-deps-1.0.5.jar:/Users/lambdatest/.m2/repository/info/cukes/gherkin/2.12.2/gherkin-2.12.2.jar:/Users/lambdatest/.m2/repository/junit/junit/4.12/junit-4.12.jar:/Users/lambdatest/.m2/repository/org/hamcrest/hamcrest-core/1.3/hamcrest-core-1.3.jar:"/>
    <property name="sun.cpu.endian" value="little"/>
    <property name="user.home" value="/Users/lambdatest"/>
    <property name="user.language" value="en"/>
    <property name="java.specification.vendor" value="Oracle Corporation"/>
    <property name="java.version.date" value="2020-10-20"/>
    <property name="java.home" value="/usr/local/Cellar/openjdk/15.0.1/libexec/openjdk.jdk/Contents/Home"/>
    <property name="file.separator" value="/"/>
    <property name="basedir" value="/Users/lambdatest/Documents/Java-TestNG-Hypertest-Framework"/>
    <property name="java.vm.compressedOopsMode" value="Zero based"/>
    <property name="line.separator" value="&#10;"/>
    <property name="java.vm.specification.vendor" value="Oracle Corporation"/>
    <property name="java.specification.name" value="Java Platform API Specification"/>
    <property name="surefire.real.class.path" value="/Users/lambdatest/Documents/Java-TestNG-Hypertest-Framework/target/surefire/surefirebooter4117705549587074492.jar"/>
    <property name="sun.management.compiler" value="HotSpot 64-Bit Tiered Compilers"/>
    <property name="ftp.nonProxyHosts" value="local|*.local|169.254/16|*.169.254/16"/>
    <property name="java.runtime.version" value="15.0.1+9"/>
    <property name="user.name" value="lambdatest"/>
    <property name="path.separator" value=":"/>
    <property name="os.version" value="10.15.4"/>
    <property name="java.runtime.name" value="OpenJDK Runtime Environment"/>
    <property name="file.encoding" value="UTF-8"/>
    <property name="java.vm.name" value="OpenJDK 64-Bit Server VM"/>
    <property name="localRepository" value="/Users/lambdatest/.m2/repository"/>
    <property name="java.vendor.url.bug" value="https://bugreport.java.com/bugreport/"/>
    <property name="java.io.tmpdir" value="/var/folders/ls/bz_s7byx5xz9fykryswpd0cr0000gn/T/"/>
    <property name="java.version" value="15.0.1"/>
    <property name="user.dir" value="/Users/lambdatest/Documents/Java-TestNG-Hypertest-Framework"/>
    <property name="os.arch" value="x86_64"/>
    <property name="selectedTests" value="Chrome"/>
    <property name="java.vm.specification.name" value="Java Virtual Machine Specification"/>
    <property name="java.library.path" value="/Users/lambdatest/Library/Java/Extensions:/Library/Java/Extensions:/Network/Library/Java/Extensions:/System/Library/Java/Extensions:/usr/lib/java:."/>
    <property name="java.vm.info" value="mixed mode, sharing"/>
    <property name="java.vendor" value="N/A"/>
    <property name="java.vm.version" value="15.0.1+9"/>
    <property name="sun.io.unicode.encoding" value="UnicodeBig"/>
    <property name="socksNonProxyHosts" value="local|*.local|169.254/16|*.169.254/16"/>
    <property name="java.class.version" value="59.0"/>
  </properties>
  <testcase name="test1" classname="Uploadtest" time="162.433"/>
</testsuite>