<?xml version="1.0" encoding="UTF-8"?>
<!-- Generated by org.testng.reporters.JUnitReportReporter -->
<testsuite hostname="Lambdas-MacBook-Pro.local" failures="0" tests="1" name="Uploadtest" time="175.460" errors="0" timestamp="16 Nov 2021 09:30:24 GMT" skipped="0">
  <testcase classname="Uploadtest" name="test1" time="175.460"/>
</testsuite> <!-- Uploadtest -->
